<?xml version="1.0" encoding="UTF-8"?>
<!-- Generated by org.testng.reporters.JUnitXMLReporter -->
<testsuite ignored="2" hostname="DESKTOP-NPOGQ3C" failures="0" tests="1" name="Default test" time="22.439" errors="0" timestamp="2024-11-22T13:27:08 EET">
  <testcase classname="MyTestCases" name="clickEvenNum" time="22.367"/>
  <testcase classname="MyTestCases" name="clickNumbers" time="0.0">
    <ignored/>
  </testcase> <!-- clickNumbers -->
  <testcase classname="MyTestCases" name="AddTowNum" time="0.0">
    <ignored/>
  </testcase> <!-- AddTowNum -->
</testsuite> <!-- Default test -->
