<?xml version="1.0" encoding="UTF-8"?>
<testng-results ignored="2" total="3" passed="1" failed="0" skipped="0">
  <reporter-output>
  </reporter-output>
  <suite started-at="2024-11-22T13:26:46 EET" name="Default suite" finished-at="2024-11-22T13:27:08 EET" duration-ms="22439">
    <groups>
    </groups>
    <test started-at="2024-11-22T13:26:46 EET" name="Default test" finished-at="2024-11-22T13:27:08 EET" duration-ms="22439">
      <class name="MyTestCases">
        <test-method is-config="true" signature="mySetUp()[pri:0, instance:MyTestCases@7e07db1f]" started-at="2024-11-22T13:26:46 EET" name="mySetUp" finished-at="2024-11-22T13:26:46 EET" duration-ms="24" status="PASS">
          <reporter-output>
          </reporter-output>
        </test-method> <!-- mySetUp -->
        <test-method signature="clickEvenNum()[pri:0, instance:MyTestCases@7e07db1f]" started-at="2024-11-22T13:26:46 EET" name="clickEvenNum" finished-at="2024-11-22T13:27:08 EET" duration-ms="22367" status="PASS">
          <reporter-output>
          </reporter-output>
        </test-method> <!-- clickEvenNum -->
      </class> <!-- MyTestCases -->
    </test> <!-- Default test -->
  </suite> <!-- Default suite -->
</testng-results>
