<?xml version="1.0" encoding="UTF-8"?>
<testng-results ignored="0" total="1" passed="1" failed="0" skipped="0">
  <reporter-output>
  </reporter-output>
  <suite started-at="2024-11-13T23:27:47 EET" name="Default suite" finished-at="2024-11-13T23:28:08 EET" duration-ms="21184">
    <groups>
    </groups>
    <test started-at="2024-11-13T23:27:47 EET" name="Default test" finished-at="2024-11-13T23:28:08 EET" duration-ms="21184">
      <class name="MyTestCases">
        <test-method is-config="true" signature="mySetUp()[pri:0, instance:MyTestCases@3a93b025]" started-at="2024-11-13T23:27:47 EET" name="mySetUp" finished-at="2024-11-13T23:27:47 EET" duration-ms="39" status="PASS">
          <reporter-output>
          </reporter-output>
        </test-method> <!-- mySetUp -->
        <test-method signature="myFirstTest()[pri:0, instance:MyTestCases@3a93b025]" started-at="2024-11-13T23:27:47 EET" name="myFirstTest" finished-at="2024-11-13T23:28:08 EET" duration-ms="21053" status="PASS">
          <reporter-output>
          </reporter-output>
        </test-method> <!-- myFirstTest -->
      </class> <!-- MyTestCases -->
    </test> <!-- Default test -->
  </suite> <!-- Default suite -->
</testng-results>
